TN:
SF:C:\Users\harid\Desktop\LynccollabGIt\lync-collab-client\app\scripts\app.js
FN:24,(anonymous_1)
FNF:1
FNH:1
FNDA:1,(anonymous_1)
DA:11,1
DA:25,1
DA:26,1
LF:3
LH:3
BRF:0
BRH:0
end_of_record
TN:
SF:C:\Users\harid\Desktop\LynccollabGIt\lync-collab-client\app\scripts\controllers\afterLogin\after-login-header-controller.js
FN:11,(anonymous_1)
FNF:1
FNH:0
FNDA:0,(anonymous_1)
DA:10,1
DA:14,0
DA:16,0
DA:17,0
LF:4
LH:1
BRF:0
BRH:0
end_of_record
TN:
SF:C:\Users\harid\Desktop\LynccollabGIt\lync-collab-client\app\scripts\controllers\beforeLogin\before-login-header-controller.js
FN:12,(anonymous_1)
FNF:1
FNH:0
FNDA:0,(anonymous_1)
DA:11,1
DA:15,0
DA:17,0
LF:3
LH:1
BRF:0
BRH:0
end_of_record
TN:
SF:C:\Users\harid\Desktop\LynccollabGIt\lync-collab-client\app\scripts\controllers\college\collegeDashboard-controller.js
FN:13,(anonymous_1)
FNF:1
FNH:0
FNDA:0,(anonymous_1)
DA:12,1
LF:1
LH:1
BRF:0
BRH:0
end_of_record
TN:
SF:C:\Users\harid\Desktop\LynccollabGIt\lync-collab-client\app\scripts\controllers\college\collegeTableController.js
FN:11,(anonymous_1)
FN:13,(anonymous_2)
FNF:2
FNH:0
FNDA:0,(anonymous_1)
FNDA:0,(anonymous_2)
DA:11,1
DA:12,0
DA:13,0
DA:14,0
DA:15,0
LF:5
LH:1
BRF:0
BRH:0
end_of_record
TN:
SF:C:\Users\harid\Desktop\LynccollabGIt\lync-collab-client\app\scripts\controllers\college\editCollegeInfo-controller.js
FN:12,(anonymous_1)
FNF:1
FNH:0
FNDA:0,(anonymous_1)
DA:11,1
LF:1
LH:1
BRF:0
BRH:0
end_of_record
TN:
SF:C:\Users\harid\Desktop\LynccollabGIt\lync-collab-client\app\scripts\controllers\employer\editEmployerInfo-controller.js
FN:12,(anonymous_1)
FNF:1
FNH:0
FNDA:0,(anonymous_1)
DA:11,1
LF:1
LH:1
BRF:0
BRH:0
end_of_record
TN:
SF:C:\Users\harid\Desktop\LynccollabGIt\lync-collab-client\app\scripts\controllers\employer\employerDashboard-controller.js
FN:11,(anonymous_1)
FN:19,(anonymous_2)
FN:20,(anonymous_3)
FNF:3
FNH:0
FNDA:0,(anonymous_1)
FNDA:0,(anonymous_2)
FNDA:0,(anonymous_3)
DA:10,1
DA:14,0
DA:17,0
DA:19,0
DA:20,0
DA:21,0
LF:6
LH:1
BRF:0
BRH:0
end_of_record
TN:
SF:C:\Users\harid\Desktop\LynccollabGIt\lync-collab-client\app\scripts\controllers\employer\employerTableController.js
FN:11,(anonymous_1)
FN:13,(anonymous_2)
FNF:2
FNH:0
FNDA:0,(anonymous_1)
FNDA:0,(anonymous_2)
DA:11,1
DA:12,0
DA:13,0
DA:14,0
DA:15,0
LF:5
LH:1
BRF:0
BRH:0
end_of_record
TN:
SF:C:\Users\harid\Desktop\LynccollabGIt\lync-collab-client\app\scripts\controllers\header\header-controller.js
FN:11,(anonymous_1)
FNF:1
FNH:0
FNDA:0,(anonymous_1)
DA:11,1
LF:1
LH:1
BRF:0
BRH:0
end_of_record
TN:
SF:C:\Users\harid\Desktop\LynccollabGIt\lync-collab-client\app\scripts\controllers\home\home-controller.js
FN:11,(anonymous_1)
FN:45,(anonymous_2)
FN:52,(anonymous_3)
FN:56,(anonymous_4)
FN:59,(anonymous_5)
FN:60,(anonymous_6)
FN:66,(anonymous_7)
FN:68,(anonymous_8)
FN:74,(anonymous_9)
FN:93,(anonymous_10)
FN:102,(anonymous_11)
FN:105,(anonymous_12)
FN:106,(anonymous_13)
FN:113,(anonymous_14)
FN:114,(anonymous_15)
FN:120,(anonymous_16)
FN:128,(anonymous_17)
FN:139,(anonymous_18)
FN:143,(anonymous_19)
FN:153,(anonymous_20)
FNF:20
FNH:1
FNDA:1,(anonymous_1)
FNDA:0,(anonymous_2)
FNDA:0,(anonymous_3)
FNDA:0,(anonymous_4)
FNDA:0,(anonymous_5)
FNDA:0,(anonymous_6)
FNDA:0,(anonymous_7)
FNDA:0,(anonymous_8)
FNDA:0,(anonymous_9)
FNDA:0,(anonymous_10)
FNDA:0,(anonymous_11)
FNDA:0,(anonymous_12)
FNDA:0,(anonymous_13)
FNDA:0,(anonymous_14)
FNDA:0,(anonymous_15)
FNDA:0,(anonymous_16)
FNDA:0,(anonymous_17)
FNDA:0,(anonymous_18)
FNDA:0,(anonymous_19)
FNDA:0,(anonymous_20)
DA:10,1
DA:13,1
DA:17,1
DA:23,1
DA:24,1
DA:27,1
DA:31,1
DA:33,1
DA:35,1
DA:37,1
DA:39,1
DA:41,1
DA:45,1
DA:46,0
DA:47,0
DA:48,0
DA:49,0
DA:52,1
DA:53,0
DA:54,0
DA:55,0
DA:56,0
DA:57,0
DA:59,0
DA:60,0
DA:61,0
DA:66,1
DA:68,0
DA:69,0
DA:72,0
DA:74,1
DA:75,0
DA:76,0
DA:77,0
DA:78,0
DA:80,0
DA:81,0
DA:83,0
DA:84,0
DA:86,0
DA:87,0
DA:93,1
DA:94,0
DA:95,0
DA:96,0
DA:97,0
DA:98,0
DA:99,0
DA:102,1
DA:103,0
DA:104,0
DA:105,0
DA:106,0
DA:107,0
DA:110,0
DA:113,1
DA:114,0
DA:115,0
DA:116,0
DA:120,1
DA:121,0
DA:122,0
DA:123,0
DA:124,0
DA:126,0
DA:128,0
DA:129,0
DA:130,0
DA:131,0
DA:133,0
DA:135,0
DA:136,0
DA:139,1
DA:140,0
DA:141,0
DA:142,0
DA:143,0
DA:144,0
DA:145,0
DA:147,0
DA:148,0
DA:151,0
DA:153,1
DA:154,0
DA:155,0
DA:156,0
DA:157,0
DA:158,0
DA:159,0
LF:89
LH:22
BRDA:77,1,0,0
BRDA:77,1,1,0
BRDA:80,2,0,0
BRDA:80,2,1,0
BRDA:83,3,0,0
BRDA:83,3,1,0
BRDA:94,4,0,0
BRDA:94,4,1,0
BRDA:103,5,0,0
BRDA:103,5,1,0
BRDA:115,6,0,0
BRDA:115,6,1,0
BRDA:122,7,0,0
BRDA:122,7,1,0
BRDA:123,8,0,0
BRDA:123,8,1,0
BRDA:130,9,0,0
BRDA:130,9,1,0
BRDA:144,10,0,0
BRDA:144,10,1,0
BRDA:144,11,0,0
BRDA:144,11,1,0
BRDA:147,12,0,0
BRDA:147,12,1,0
BRDA:156,13,0,0
BRDA:156,13,1,0
BRDA:158,14,0,0
BRDA:158,14,1,0
BRF:28
BRH:0
end_of_record
TN:
SF:C:\Users\harid\Desktop\LynccollabGIt\lync-collab-client\app\scripts\controllers\login\accountLocked-controller.js
FN:12,(anonymous_1)
FNF:1
FNH:0
FNDA:0,(anonymous_1)
DA:11,1
LF:1
LH:1
BRF:0
BRH:0
end_of_record
TN:
SF:C:\Users\harid\Desktop\LynccollabGIt\lync-collab-client\app\scripts\controllers\login\activation-controller.js
FN:12,(anonymous_1)
FN:26,(anonymous_2)
FNF:2
FNH:0
FNDA:0,(anonymous_1)
FNDA:0,(anonymous_2)
DA:11,1
DA:14,0
DA:20,0
DA:21,0
DA:22,0
DA:23,0
DA:24,0
DA:26,0
DA:27,0
DA:28,0
DA:29,0
DA:30,0
LF:12
LH:1
BRDA:27,1,0,0
BRDA:27,1,1,0
BRF:2
BRH:0
end_of_record
TN:
SF:C:\Users\harid\Desktop\LynccollabGIt\lync-collab-client\app\scripts\controllers\login\forgotPassword-controller.js
FN:12,(anonymous_1)
FNF:1
FNH:0
FNDA:0,(anonymous_1)
DA:11,1
LF:1
LH:1
BRF:0
BRH:0
end_of_record
TN:
SF:C:\Users\harid\Desktop\LynccollabGIt\lync-collab-client\app\scripts\controllers\login\login-controller.js
FN:12,(anonymous_1)
FNF:1
FNH:0
FNDA:0,(anonymous_1)
DA:11,1
LF:1
LH:1
BRF:0
BRH:0
end_of_record
TN:
SF:C:\Users\harid\Desktop\LynccollabGIt\lync-collab-client\app\scripts\controllers\login\registration-controller.js
FN:12,(anonymous_1)
FNF:1
FNH:0
FNDA:0,(anonymous_1)
DA:11,1
LF:1
LH:1
BRF:0
BRH:0
end_of_record
TN:
SF:C:\Users\harid\Desktop\LynccollabGIt\lync-collab-client\app\scripts\controllers\student\editStudentInfo-controller.js
FN:12,(anonymous_1)
FNF:1
FNH:0
FNDA:0,(anonymous_1)
DA:11,1
LF:1
LH:1
BRF:0
BRH:0
end_of_record
TN:
SF:C:\Users\harid\Desktop\LynccollabGIt\lync-collab-client\app\scripts\controllers\student\studentDashboard-controller.js
FN:12,(anonymous_1)
FNF:1
FNH:0
FNDA:0,(anonymous_1)
DA:11,1
LF:1
LH:1
BRF:0
BRH:0
end_of_record
TN:
SF:C:\Users\harid\Desktop\LynccollabGIt\lync-collab-client\app\scripts\directives\passwordMatch-directive.js
FN:1,(anonymous_1)
FN:4,(anonymous_2)
FN:6,(anonymous_3)
FN:7,(anonymous_4)
FNF:4
FNH:0
FNDA:0,(anonymous_1)
FNDA:0,(anonymous_2)
FNDA:0,(anonymous_3)
FNDA:0,(anonymous_4)
DA:1,1
DA:2,0
DA:5,0
DA:6,0
DA:7,0
DA:8,0
DA:9,0
LF:7
LH:1
BRF:0
BRH:0
end_of_record
TN:
SF:C:\Users\harid\Desktop\LynccollabGIt\lync-collab-client\app\scripts\directives\sessionTimeout-directive.js
FN:3,(anonymous_1)
FN:10,(anonymous_2)
FN:33,(anonymous_3)
FN:40,(anonymous_4)
FN:44,(anonymous_5)
FN:48,(anonymous_6)
FN:74,(anonymous_7)
FNF:7
FNH:0
FNDA:0,(anonymous_1)
FNDA:0,(anonymous_2)
FNDA:0,(anonymous_3)
FNDA:0,(anonymous_4)
FNDA:0,(anonymous_5)
FNDA:0,(anonymous_6)
FNDA:0,(anonymous_7)
DA:3,1
DA:4,0
DA:13,0
DA:15,0
DA:19,0
DA:22,0
DA:24,0
DA:26,0
DA:27,0
DA:29,0
DA:31,0
DA:33,0
DA:34,0
DA:36,0
DA:37,0
DA:38,0
DA:40,0
DA:42,0
DA:44,0
DA:46,0
DA:48,0
DA:50,0
DA:53,0
DA:54,0
DA:57,0
DA:58,0
DA:59,0
DA:61,0
DA:62,0
DA:63,0
DA:65,0
DA:67,0
DA:68,0
DA:74,0
LF:34
LH:1
BRDA:24,1,0,0
BRDA:24,1,1,0
BRDA:38,2,0,0
BRDA:38,2,1,0
BRDA:54,3,0,0
BRDA:54,3,1,0
BRDA:59,4,0,0
BRDA:59,4,1,0
BRDA:65,5,0,0
BRDA:65,5,1,0
BRDA:65,6,0,0
BRDA:65,6,1,0
BRF:12
BRH:0
end_of_record
TN:
SF:C:\Users\harid\Desktop\LynccollabGIt\lync-collab-client\app\scripts\directives\table-directive.js
FN:3,(anonymous_1)
FN:10,(anonymous_2)
FN:11,(anonymous_3)
FN:15,(anonymous_4)
FN:16,(anonymous_5)
FNF:5
FNH:0
FNDA:0,(anonymous_1)
FNDA:0,(anonymous_2)
FNDA:0,(anonymous_3)
FNDA:0,(anonymous_4)
FNDA:0,(anonymous_5)
DA:3,1
DA:4,0
DA:11,0
DA:12,0
DA:13,0
DA:14,0
DA:15,0
DA:16,0
DA:17,0
DA:18,0
LF:10
LH:1
BRDA:13,1,0,0
BRDA:13,1,1,0
BRDA:17,2,0,0
BRDA:17,2,1,0
BRF:4
BRH:0
end_of_record
TN:
SF:C:\Users\harid\Desktop\LynccollabGIt\lync-collab-client\app\scripts\filters\truncate-filter.js
FN:6,(anonymous_1)
FN:7,(anonymous_2)
FNF:2
FNH:0
FNDA:0,(anonymous_1)
FNDA:0,(anonymous_2)
DA:6,1
DA:7,0
DA:8,0
DA:9,0
LF:4
LH:1
BRDA:8,1,0,0
BRDA:8,1,1,0
BRF:2
BRH:0
end_of_record
TN:
SF:C:\Users\harid\Desktop\LynccollabGIt\lync-collab-client\app\scripts\services\request-service.js
FN:3,(anonymous_1)
FN:4,(anonymous_2)
FNF:2
FNH:1
FNDA:1,(anonymous_1)
FNDA:0,(anonymous_2)
DA:3,1
DA:4,1
DA:5,0
DA:13,1
LF:4
LH:3
BRDA:7,1,0,0
BRDA:7,1,1,0
BRDA:8,2,0,0
BRDA:8,2,1,0
BRDA:9,3,0,0
BRDA:9,3,1,0
BRDA:9,4,0,0
BRDA:9,4,1,0
BRDA:10,5,0,0
BRDA:10,5,1,0
BRDA:10,6,0,0
BRDA:10,6,1,0
BRF:12
BRH:0
end_of_record
TN:
SF:C:\Users\harid\Desktop\LynccollabGIt\lync-collab-client\app\configurations\Constants.js
FNF:0
FNH:0
DA:3,1
LF:1
LH:1
BRF:0
BRH:0
end_of_record
TN:
SF:C:\Users\harid\Desktop\LynccollabGIt\lync-collab-client\app\configurations\activation.js
FNF:0
FNH:0
DA:3,1
LF:1
LH:1
BRF:0
BRH:0
end_of_record
TN:
SF:C:\Users\harid\Desktop\LynccollabGIt\lync-collab-client\app\configurations\addJob.js
FNF:0
FNH:0
DA:3,1
LF:1
LH:1
BRF:0
BRH:0
end_of_record
TN:
SF:C:\Users\harid\Desktop\LynccollabGIt\lync-collab-client\app\configurations\formCollege.js
FNF:0
FNH:0
DA:3,1
LF:1
LH:1
BRF:0
BRH:0
end_of_record
TN:
SF:C:\Users\harid\Desktop\LynccollabGIt\lync-collab-client\app\configurations\formEmployer.js
FNF:0
FNH:0
DA:3,1
LF:1
LH:1
BRF:0
BRH:0
end_of_record
TN:
SF:C:\Users\harid\Desktop\LynccollabGIt\lync-collab-client\app\configurations\formStudent.js
FNF:0
FNH:0
DA:3,1
LF:1
LH:1
BRF:0
BRH:0
end_of_record
TN:
SF:C:\Users\harid\Desktop\LynccollabGIt\lync-collab-client\app\configurations\home-page-Configurations.js
FNF:0
FNH:0
DA:3,1
LF:1
LH:1
BRF:0
BRH:0
end_of_record
TN:
SF:C:\Users\harid\Desktop\LynccollabGIt\lync-collab-client\app\configurations\requestAndResponse.js
FNF:0
FNH:0
DA:3,1
LF:1
LH:1
BRF:0
BRH:0
end_of_record
